<?xml version="1.0" encoding="UTF-8"?>
<testng-results skipped="0" failed="0" ignored="0" total="0" passed="0">
  <reporter-output>
  </reporter-output>
  <suite name="Default suite" duration-ms="31160" started-at="2019-11-26T06:51:48Z" finished-at="2019-11-26T06:52:19Z">
    <groups>
    </groups>
    <test name="Default test" duration-ms="31160" started-at="2019-11-26T06:51:48Z" finished-at="2019-11-26T06:52:19Z">
      <class name="Adminui.Adminui.Test_czentrix">
        <test-method status="PASS" signature="before()[pri:0, instance:Adminui.Adminui.Test_czentrix@704921a5]" name="before" is-config="true" duration-ms="30816" started-at="2019-11-26T06:51:48Z" finished-at="2019-11-26T06:52:19Z">
          <reporter-output>
          </reporter-output>
        </test-method> <!-- before -->
        <test-method status="PASS" signature="endReport()[pri:0, instance:Adminui.Adminui.Test_czentrix@704921a5]" name="endReport" is-config="true" duration-ms="333" started-at="2019-11-26T06:52:19Z" finished-at="2019-11-26T06:52:19Z">
          <reporter-output>
          </reporter-output>
        </test-method> <!-- endReport -->
      </class> <!-- Adminui.Adminui.Test_czentrix -->
    </test> <!-- Default test -->
  </suite> <!-- Default suite -->
</testng-results>
